<?xml version="1.0" encoding="UTF-8"?>
<!-- Generated by org.testng.reporters.JUnitXMLReporter -->
<testsuite ignored="0" hostname="Zainaya" failures="0" tests="5" name="Default test" time="15.944" errors="0" timestamp="2025-05-13T17:57:51 PDT">
  <testcase classname="testCases.TC02_Login" name="testLogin" time="2.06"/>
  <testcase classname="testCases.TC02_Login" name="testLogin" time="2.054"/>
  <testcase classname="testCases.TC02_Login" name="testLogin" time="2.177"/>
  <testcase classname="testCases.TC02_Login" name="testLogin" time="1.826"/>
  <testcase classname="testCases.TC02_Login" name="testLogin" time="1.971"/>
</testsuite> <!-- Default test -->
