<?xml version="1.0" encoding="UTF-8"?>
<!-- Generated by org.testng.reporters.JUnitXMLReporter -->
<testsuite ignored="0" hostname="Zainaya" failures="0" tests="10" name="chromeTest" time="117.046" errors="0" timestamp="2025-05-19T18:28:31 PDT">
  <testcase classname="testCases.TC01_LaunchApplication" name="testLaunchApplication" time="0.875"/>
  <testcase classname="testCases.TC03_AddToCart" name="testAddToCart" time="11.512"/>
  <testcase classname="testCases.TC05_AddToWishList" name="testAddToWishList" time="6.729"/>
  <testcase classname="testCases.TC06_AddAffiliate" name="testAddAffiliate" time="7.519"/>
  <testcase classname="testCases.TC02_Login" name="testLogin" time="3.63"/>
  <testcase classname="testCases.TC02_Login" name="testLogin" time="5.141"/>
  <testcase classname="testCases.TC02_Login" name="testLogin" time="3.515"/>
  <testcase classname="testCases.TC02_Login" name="testLogin" time="3.617"/>
  <testcase classname="testCases.TC02_Login" name="testLogin" time="2.997"/>
  <testcase classname="testCases.TC04_CompletePurchase" name="testCompletePurchase" time="11.417"/>
</testsuite> <!-- chromeTest -->
