<?xml version="1.0" encoding="UTF-8"?>
<!-- Generated by org.testng.reporters.JUnitXMLReporter -->
<testsuite ignored="0" hostname="Zainaya" failures="0" tests="10" name="firefoxTest" time="123.001" errors="0" timestamp="2025-05-19T18:28:34 PDT">
  <testcase classname="testCases.TC01_LaunchApplication" name="testLaunchApplication" time="0.072"/>
  <testcase classname="testCases.TC03_AddToCart" name="testAddToCart" time="6.491"/>
  <testcase classname="testCases.TC05_AddToWishList" name="testAddToWishList" time="6.668"/>
  <testcase classname="testCases.TC06_AddAffiliate" name="testAddAffiliate" time="4.415"/>
  <testcase classname="testCases.TC02_Login" name="testLogin" time="2.881"/>
  <testcase classname="testCases.TC02_Login" name="testLogin" time="1.754"/>
  <testcase classname="testCases.TC02_Login" name="testLogin" time="2.231"/>
  <testcase classname="testCases.TC02_Login" name="testLogin" time="2.551"/>
  <testcase classname="testCases.TC02_Login" name="testLogin" time="2.118"/>
  <testcase classname="testCases.TC04_CompletePurchase" name="testCompletePurchase" time="9.613"/>
</testsuite> <!-- firefoxTest -->
